[2018-06-06T00:24:23.337] [DEBUG] debug - crud result[object Object]
[2018-06-06T14:51:42.680] [DEBUG] debug - routes forgotpass sendlink
[2018-06-06T14:51:42.711] [DEBUG] debug - validate email
[2018-06-06T14:51:42.711] [DEBUG] debug - crud forgotpass checkEmail
[2018-06-06T14:51:43.085] [DEBUG] debug - crud result{ userinfo: 
   { fullname: 'Mayukh Maitra',
     area: 'New Delhi',
     city: 'Delhi',
     state: 'Delhi',
     pincode: '110096',
     country: 'India' },
  _id: 5b166eb6d16f187034ba2e6e,
  useremail: 'mayukhdeepmaitra18@gmail.com',
  username: 'newmayu123',
  password1: '09aa0eb8d0715be4f23a29ad7a76b78b61be09adc82a250c09ec69f016ccfd332b840e9501cfd79bf02fb074d42d339f878009111bc76b6e751edec1b7570f6e',
  role: 'customer',
  salt: 'd2dc25c032598a6d',
  userid: 'raHIQRwYeIaOCkYdjQw3OCn2dwXCiWm3',
  registrationdate: 2018-06-05T11:06:30.584Z,
  emailverified: true,
  __v: 0,
  emailactivationtoken: null,
  temporarymobile: null,
  mobileverificationcode: null,
  mobile: '+919582729888' }
[2018-06-06T14:51:43.085] [DEBUG] debug - crud common sendLink
[2018-06-06T14:51:43.085] [DEBUG] debug - config utils randomStringGenerate
[2018-06-06T14:51:43.791] [DEBUG] debug - crud result[object Object]
[2018-06-06T14:51:43.797] [DEBUG] debug - utils create mail forgotpassword { type: 'forgotpassword',
  email: 'mayukhdeepmaitra18@gmail.com',
  url: 'http://localhost:3000/forgotpassword/forgotpassword?e=mayukhdeepmaitra18@gmail.com&t=lyoEP7MJCe15aSFafGr7ZZ1tkKgnTmhQ' }
[2018-06-06T14:51:43.815] [DEBUG] debug - config utils sendMail
[2018-06-06T14:51:48.194] [INFO] debug - Message sent: 250 2.0.0 OK 1528276908 a14-v6sm14620880pgv.4 - gsmtp
[2018-06-06T14:53:12.467] [DEBUG] debug - routes forgotpass passwordReset
[2018-06-06T14:53:12.469] [DEBUG] debug - validate email
[2018-06-06T14:53:12.469] [DEBUG] debug - validate string
[2018-06-06T14:53:12.470] [DEBUG] debug - validate password
[2018-06-06T14:55:49.004] [DEBUG] debug - routes forgotpass passwordReset
[2018-06-06T14:55:49.006] [DEBUG] debug - validate email
[2018-06-06T14:55:49.007] [DEBUG] debug - validate string
[2018-06-06T14:55:49.007] [DEBUG] debug - validate password
[2018-06-06T14:57:00.771] [DEBUG] debug - routes forgotpass passwordReset
[2018-06-06T14:57:00.775] [DEBUG] debug - validate email
[2018-06-06T14:57:00.775] [DEBUG] debug - validate string
[2018-06-06T14:57:00.775] [DEBUG] debug - validate password
[2018-06-06T14:58:17.447] [DEBUG] debug - routes forgotpass passwordReset
[2018-06-06T14:58:17.451] [DEBUG] debug - validate email
[2018-06-06T14:58:17.451] [DEBUG] debug - validate string
[2018-06-06T14:58:17.452] [DEBUG] debug - validate password
[2018-06-06T14:58:17.453] [DEBUG] debug - crud forgotpass passwordReset
[2018-06-06T14:58:17.727] [DEBUG] debug - crud result
[2018-06-06T15:00:05.146] [DEBUG] debug - routes forgotpass passwordReset
[2018-06-06T15:00:05.150] [DEBUG] debug - validate email
[2018-06-06T15:00:05.150] [DEBUG] debug - validate string
[2018-06-06T15:00:05.151] [DEBUG] debug - validate password
[2018-06-06T15:00:05.151] [DEBUG] debug - crud forgotpass passwordReset
[2018-06-06T15:00:05.425] [DEBUG] debug - crud result
[2018-06-06T15:00:51.977] [DEBUG] debug - routes forgotpass passwordReset
[2018-06-06T15:00:51.980] [DEBUG] debug - validate email
[2018-06-06T15:00:51.981] [DEBUG] debug - validate string
[2018-06-06T15:00:51.981] [DEBUG] debug - validate password
[2018-06-06T15:00:51.982] [DEBUG] debug - crud forgotpass passwordReset
[2018-06-06T15:00:52.262] [DEBUG] debug - crud result
[2018-06-06T15:03:08.994] [DEBUG] debug - routes forgotpass passwordReset
[2018-06-06T15:03:08.997] [DEBUG] debug - validate email
[2018-06-06T15:03:08.998] [DEBUG] debug - validate string
[2018-06-06T15:03:08.998] [DEBUG] debug - validate password
[2018-06-06T15:03:08.999] [DEBUG] debug - crud forgotpass passwordReset
[2018-06-06T15:04:06.301] [DEBUG] debug - routes forgotpass passwordReset
[2018-06-06T15:04:06.307] [DEBUG] debug - validate email
[2018-06-06T15:04:06.308] [DEBUG] debug - validate string
[2018-06-06T15:04:06.308] [DEBUG] debug - validate password
[2018-06-06T15:04:06.309] [DEBUG] debug - crud forgotpass passwordReset
[2018-06-06T15:04:06.595] [DEBUG] debug - crud result{ userinfo: 
   { fullname: 'Mayukh Maitra',
     area: 'New Delhi',
     city: 'Delhi',
     state: 'Delhi',
     pincode: '110096',
     country: 'India' },
  _id: 5b166eb6d16f187034ba2e6e,
  useremail: 'mayukhdeepmaitra18@gmail.com',
  username: 'newmayu123',
  password1: '09aa0eb8d0715be4f23a29ad7a76b78b61be09adc82a250c09ec69f016ccfd332b840e9501cfd79bf02fb074d42d339f878009111bc76b6e751edec1b7570f6e',
  role: 'customer',
  salt: 'd2dc25c032598a6d',
  userid: 'raHIQRwYeIaOCkYdjQw3OCn2dwXCiWm3',
  registrationdate: 2018-06-05T11:06:30.584Z,
  emailverified: true,
  __v: 0,
  emailactivationtoken: null,
  temporarymobile: null,
  mobileverificationcode: null,
  mobile: '+919582729888',
  passwordtokenstamp: 2018-06-06T09:21:43.430Z,
  forgotpasswordtoken: 'lyoEP7MJCe15aSFafGr7ZZ1tkKgnTmhQ' }
[2018-06-06T15:06:03.737] [DEBUG] debug - routes forgotpass passwordReset
[2018-06-06T15:06:03.741] [DEBUG] debug - validate email
[2018-06-06T15:06:03.742] [DEBUG] debug - validate string
[2018-06-06T15:06:03.742] [DEBUG] debug - validate password
[2018-06-06T15:06:03.743] [DEBUG] debug - crud forgotpass passwordReset
[2018-06-06T15:06:04.032] [DEBUG] debug - crud result{ userinfo: 
   { fullname: 'Mayukh Maitra',
     area: 'New Delhi',
     city: 'Delhi',
     state: 'Delhi',
     pincode: '110096',
     country: 'India' },
  _id: 5b166eb6d16f187034ba2e6e,
  useremail: 'mayukhdeepmaitra18@gmail.com',
  username: 'newmayu123',
  password1: '09aa0eb8d0715be4f23a29ad7a76b78b61be09adc82a250c09ec69f016ccfd332b840e9501cfd79bf02fb074d42d339f878009111bc76b6e751edec1b7570f6e',
  role: 'customer',
  salt: 'd2dc25c032598a6d',
  userid: 'raHIQRwYeIaOCkYdjQw3OCn2dwXCiWm3',
  registrationdate: 2018-06-05T11:06:30.584Z,
  emailverified: true,
  __v: 0,
  emailactivationtoken: null,
  temporarymobile: null,
  mobileverificationcode: null,
  mobile: '+919582729888',
  passwordtokenstamp: 2018-06-06T09:21:43.430Z,
  forgotpasswordtoken: 'lyoEP7MJCe15aSFafGr7ZZ1tkKgnTmhQ' }
[2018-06-06T15:06:04.033] [DEBUG] debug - crud forgotpass saveNewPassword
[2018-06-06T15:06:04.033] [DEBUG] debug - config encrypt genRandomString
[2018-06-06T15:06:04.033] [DEBUG] debug - config encrypt sha512
[2018-06-06T15:06:04.297] [DEBUG] debug - crud result[object Object]
